client.cljs:40 "\n ________________________________________________ \n/ Qmb9ENuatepEEBuvgi3pzmuVqYUDVhEKQsXoNeA9vpeG8H \\\n\\  ______________________________________________/\n \\/  ^__^        .,\n  \\  (oO)\\_______ \\     \n     (__)\\       )/ \n      u  ||----w |  '.,\n         ||     ||  '_oO._"
client.cljs:40 
 ________________________________________________ 
/ Qmb9ENuatepEEBuvgi3pzmuVqYUDVhEKQsXoNeA9vpeG8H \
\  ______________________________________________/
 \/  ^__^        .,
  \  (oO)\_______ \     
     (__)\       )/ 
      u  ||----w |  '.,
         ||     ||  '_oO._
client.cljs:40 
 ________________________________________________________________________________________________________________________________________________________________________________________________________________________________________________________________________________ 
/ 
 ________________________________________________ 
/ Qmb9ENuatepEEBuvgi3pzmuVqYUDVhEKQsXoNeA9vpeG8H \
\  ______________________________________________/
 \/  ^__^        .,
  \  (oO)\_______ \     
     (__)\       )/ 
      u  ||----w |  '.,
         ||     ||  '_oO._ \
\  ______________________________________________________________________________________________________________________________________________________________________________________________________________________________________________________________________________/
 \/  ^__^        .,
  \  (oO)\_______ \     
     (__)\       )/ 
      u  ||----w |  '.,
         ||     ||  '_oO._
client.cljs:40 
 ____________________________________________________ 
/ 
 ________________________________________________ 
/ Qmb9ENuatepEEBuvgi3pzmuVqYUDVhEKQsXoNeA9vpeG8H \
\  ______________________________________________/
 \/  ^__^        .,
  \  (oO)\_______ \     
     (__)\       )/ 
      u  ||----w |  '.,
         ||     ||  '_oO._ \
\  __________________________________________________/
 \/  ^__^        .,
  \  (oO)\_______ \     
     (__)\       )/ 
      u  ||----w |  '.,
         ||     ||  '_oO._
client.cljs:40 
 ________________________________ 
/ 
 ____________________________ 
/ 
 ______ 
/ help \
\  ____/
 \/  ^__^        .,
  \  (oO)\_______ \     
     (__)\       )/ 
      u  ||----w |  '.,
         ||     ||  '_oO._ \
\  __________________________/
 \/  ^__^        .,
  \  (oO)\_______ \     
     (__)\       )/ 
      u  ||----w |  '.,
         ||     ||  '_oO._ \
\  ______________________________/
 \/  ^__^        .,
  \  (oO)\_______ \     
     (__)\       )/ 
      u  ||----w |  '.,
         ||     ||  '_oO._
client.cljs:40 
 ________________________________ 
/ _.Oo_'  ||     ||         
,.'  | w----||  u      
 /)       \)__(     
     \ _______\)Oo(  \  
,.        ^__^  /\ 
/__________________________  \
\ 
 ______ 
/ pleh \
\  ____/
 \/  ^__^        .,
  \  (oO)\_______ \     
     (__)\       )/ 
      u  ||----w |  '.,
         ||     ||  '_oO._ /
 ____________________________ 
 \
\  ______________________________/
 \/  ^__^        .,
  \  (oO)\_______ \     
     (__)\       )/ 
      u  ||----w |  '.,
         ||     ||  '_oO._
client.cljs:40 
 ___ 
/ 
 ___ 
/ 
 ___ 
/ 
help \
\  _/
 \/  ^__^        .,
  \  (oO)\_______ \     
     (__)\       )/ 
      u  ||----w |  '.,
         ||     ||  '_oO._ \
\  _/
 \/  ^__^        .,
  \  (oO)\_______ \     
     (__)\       )/ 
      u  ||----w |  '.,
         ||     ||  '_oO._ \
\  _/
 \/  ^__^        .,
  \  (oO)\_______ \     
     (__)\       )/ 
      u  ||----w |  '.,
         ||     ||  '_oO._
client.cljs:40 
 ___ 
/ (" " "_" "_" "_" " ")
(")" "\"" " " "\"" " " "\"" "_" "\"" " " "\"" "_" "\"" " " "\"" "_" "\"" " " "\"" " " "\"" "(" " " "/")
(")" "\"" "/" "\"" " " "\"" " " "\"" " " "\"" "(" "\"" " " "\"" "\"" "\\" "\"" " " "\"" "p" "\"" " " "\"" "\"" "\\" "\"" " " "\"" " " "\"" " " "\"" "\"" "\\" "\"" " " "\"" "l" "\"" " " "\"" "\"" "\\" "\"" " " "\"" " " "\"" " " "\"" "\"" "\\" "\"" " " "\"" "e" "\"" " " "\"" "\"" "\\" "\"" " " "\"" " " "\"" " " "\"" "\"" "\\" "\"" " " "\"" "h" "\"" " " "\"" "\"" "\\" "\"" " " "\"" ")" "\"" "(")
(")" "\"" " " "\"" " " "\"" "\\" "\\" "\"" "(")
(")" "\"" "\\" "\\" "\"" " " "\"" " " "\"" " " "\"" " " "\"" " " "\"" "_" "\"" " " "\"" "/" "\"" "(")
(")" "\"" " " "\"" " " "\"" "\\" "\\" "\"" " " "\"" "/" "\"" " " "\"" " " "\"" " " "\"" " " "\"" " " "\"" "^" "\"" " " "\"" "_" "\"" " " "\"" "_" "\"" " " "\"" "^" "\"" " " "\"" " " "\"" " " "\"" " " "\"" " " "\"" " " "\"" " " "\"" " " "\"" " " "\"" " " "\"" " " "\"" " " "\"" " " "\"" " " "\"" " " "\"" " " "\"" " " "\"" "." "\"" " " "\"" "," "\"" "(")
(")" "\"" " " "\"" " " "\"" " " "\"" " " "\"" "\\" "\\" "\"" " " "\"" " " "\"" " " "\"" " " "\"" " " "\"" "(" "\"" " " "\"" "o" "\"" " " "\"" "O" "\"" " " "\"" ")" "\"" " " "\"" "\\" "\\" "\"" " " "\"" "_" "\"" " " "\"" "_" "\"" " " "\"" "_" "\"" " " "\"" "_" "\"" " " "\"" "_" "\"" " " "\"" "_" "\"" " " "\"" "_" "\"" " " "\"" " " "\"" " " "\"" "\\" "\\" "\"" " " "\"" " " "\"" " " "\"" " " "\"" " " "\"" " " "\"" " " "\"" " " "\"" " " "\"" " " "\"" "(")
(")" "\"" " " "\"" " " "\"" " " "\"" " " "\"" " " "\"" " " "\"" " " "\"" " " "\"" " " "\"" " " "\"" "(" "\"" " " "\"" "_" "\"" " " "\"" "_" "\"" " " "\"" ")" "\"" " " "\"" "\\" "\\" "\"" " " "\"" " " "\"" " " "\"" " " "\"" " " "\"" " " "\"" " " "\"" " " "\"" " " "\"" " " "\"" " " "\"" " " "\"" " " "\"" " " "\"" " " "\"" ")" "\"" " " "\"" "/" "\"" " " "\"" " " "\"" "(")
(")" "\"" " " "\"" " " "\"" " " "\"" " " "\"" " " "\"" " " "\"" " " "\"" " " "\"" " " "\"" " " "\"" " " "\"" " " "\"" "u" "\"" " " "\"" " " "\"" " " "\"" " " "\"" " " "\"" "|" "\"" " " "\"" "|" "\"" " " "\"" "-" "\"" " " "\"" "-" "\"" " " "\"" "-" "\"" " " "\"" "-" "\"" " " "\"" "w" "\"" " " "\"" " " "\"" " " "\"" "|" "\"" " " "\"" " " "\"" " " "\"" " " "\"" " " "\"" "'" "\"" " " "\"" "." "\"" " " "\"" "," "\"" "(")
(")" "\"" " " "\"" " " "\"" " " "\"" " " "\"" " " "\"" " " "\"" " " "\"" " " "\"" " " "\"" " " "\"" " " "\"" " " "\"" " " "\"" " " "\"" " " "\"" " " "\"" " " "\"" " " "\"" "|" "\"" " " "\"" "|" "\"" " " "\"" " " "\"" " " "\"" " " "\"" " " "\"" " " "\"" " " "\"" " " "\"" " " "\"" " " "\"" " " "\"" "|" "\"" " " "\"" "|" "\"" " " "\"" " " "\"" " " "\"" " " "\"" " " "\"" "'" "\"" " " "\"" "_" "\"" " " "\"" "o" "\"" " " "\"" "O" "\"" " " "\"" "." "\"" " " "\"" "_" "\"" "(")
("\\" " ")
("/" "_" " " " " "\\")
("," "." " " " " " " " " " " " " " " " " "^" "_" "_" "^" " " " " "/" "\\" " ")
(" " " " " " " " " " "\\" " " "_" "_" "_" "_" "_" "_" "_" "\\" ")" "O" "o" "(" " " " " "\\" " " " ")
(" " "/" ")" " " " " " " " " " " " " " " "\\" ")" "_" "_" "(" " " " " " " " " " ")
("," "." "'" " " " " "|" " " "w" "-" "-" "-" "-" "|" "|" " " " " "u" " " " " " " " " " " " ")
("_" "." "O" "o" "_" "'" " " " " "|" "|" " " " " " " " " " " "|" "|" " " " " " " " " " " " " " " " " " ")
 \
\  _/
 \/  ^__^        .,
  \  (oO)\_______ \     
     (__)\       )/ 
      u  ||----w |  '.,
         ||     ||  '_oO._
client.cljs:40 
 ___ 
/  ___ 
 ___  /
/ pleh \
\  _/
 \/  ^__^        .,
  \  (oO)\_______ \     
     (__)\       )/ 
      u  ||----w |  '.,
\          ||     ||  '_oO._
/_  \
,.        ^__^  /\ 
     \ _______\)Oo(  \  
 /)       \)__(     
,.'  | w----||  u      
_.Oo_'  ||     ||          \
\  _/
 \/  ^__^        .,
  \  (oO)\_______ \     
     (__)\       )/ 
      u  ||----w |  '.,
         ||     ||  '_oO._
client.cljs:40 
 ___ 
/ pleh \
\  _/
 \/  ^__^        .,
  \  (oO)\_______ \     
     (__)\       )/ 
      u  ||----w |  '.,
         ||     ||  '_oO._
client.cljs:40 
 ___ 
/  ___ 
\ help /
/_  \
,.        ^__^  /\ 
     \ _______\)Oo(  \  
 /)       \)__(     
,.'  | w----||  u      
_.Oo_'  ||     ||          \
\  _/
 \/  ^__^        .,
  \  (oO)\_______ \     
     (__)\       )/ 
      u  ||----w |  '.,
         ||     ||  '_oO._
3client.cljs:40 
 ___ 
/  
/
\
 
 
 
 
  \
\  _/
 \/  ^__^        .,
  \  (oO)\_______ \     
     (__)\       )/ 
      u  ||----w |  '.,
         ||     ||  '_oO._
client.cljs:40 
 ___ 
/  
\
/
,
 
 
,
_ \
\  _/
 \/  ^__^        .,
  \  (oO)\_______ \     
     (__)\       )/ 
      u  ||----w |  '.,
         ||     ||  '_oO._
2client.cljs:40 
 ___ 
/  
 
\
/
,
 
 
,
\
/
,
 
 
,
_ \
\  _/
 \/  ^__^        .,
  \  (oO)\_______ \     
     (__)\       )/ 
      u  ||----w |  '.,
         ||     ||  '_oO._
client.cljs:40 1

 ___ 
/ ("1")              
(" " "_" "_" "_" " ")              
(" " " " " " " " " " " " " " " " " " " " " " " " " " " " ")" "\"" "1" "\"" "(" " " "/")              
(" " " " " " " " " " " " " " " " " " " " " " " " " " " " ")" "\"" " " "\"" " " "\"" "_" "\"" " " "\"" "_" "\"" " " "\"" "_" "\"" " " "\"" " " "\"" "(")              
(" " " " " " " " " " " " " " " " " " " " " " " " " " " " ")" "\"" "/" "\"" " " "\"" " " "\"" " " "\"" "(" "\"" " " "\"" "\"" "\\" "\"" " " "\"" "p" "\"" " " "\"" "\"" "\\" "\"" " " "\"" " " "\"" " " "\"" "\"" "\\" "\"" " " "\"" "l" "\"" " " "\"" "\"" "\\" "\"" " " "\"" " " "\"" " " "\"" "\"" "\\" "\"" " " "\"" "e" "\"" " " "\"" "\"" "\\" "\"" " " "\"" " " "\"" " " "\"" "\"" "\\" "\"" " " "\"" "h" "\"" " " "\"" "\"" "\\" "\"" " " "\"" ")" "\"" " " "\"" " " "\"" " " "\"" " " "\"" " " "\"" " " "\"" " " "\"" " " "\"" " " "\"" " " "\"" " " "\"" " " "\"" " " "\"" " " "\"" " " "\"" " " "\"" " " "\"" " " "\"" " " "\"" " " "\"" " " "\"" " " "\"" " " "\"" " " "\"" " " "\"" " " "\"" " " "\"" " " "\"" " " "\"" " " "\"" " " "\"" "\\" "\\" "\"" "(")              
(" " " " " " " " " " " " " " " " " " " " " " " " " " " " ")" "\"" "\\" "\\" "\"" " " "\"" " " "\"" " " "\"" " " "\"" " " "\"" "_" "\"" " " "\"" "/" "\"" "(")              
(" " " " " " " " " " " " " " " " " " " " " " " " " " " " ")" "\"" " " "\"" " " "\"" "\\" "\\" "\"" " " "\"" "/" "\"" " " "\"" " " "\"" " " "\"" " " "\"" " " "\"" "^" "\"" " " "\"" "_" "\"" " " "\"" "_" "\"" " " "\"" "^" "\"" " " "\"" " " "\"" " " "\"" " " "\"" " " "\"" " " "\"" " " "\"" " " "\"" " " "\"" " " "\"" " " "\"" " " "\"" " " "\"" " " "\"" " " "\"" " " "\"" " " "\"" "." "\"" " " "\"" "," "\"" "(")              
(" " " " " " " " " " " " " " " " " " " " " " " " " " " " ")" "\"" " " "\"" " " "\"" " " "\"" " " "\"" "\\" "\\" "\"" " " "\"" " " "\"" " " "\"" " " "\"" " " "\"" "(" "\"" " " "\"" "o" "\"" " " "\"" "O" "\"" " " "\"" ")" "\"" " " "\"" "\\" "\\" "\"" " " "\"" "_" "\"" " " "\"" "_" "\"" " " "\"" "_" "\"" " " "\"" "_" "\"" " " "\"" "_" "\"" " " "\"" "_" "\"" " " "\"" "_" "\"" " " "\"" " " "\"" " " "\"" "\\" "\\" "\"" " " "\"" " " "\"" " " "\"" " " "\"" " " "\"" " " "\"" " " "\"" " " "\"" " " "\"" " " "\"" "(")              
(" " " " " " " " " " " " " " " " " " " " " " " " " " " " ")" "\"" " " "\"" " " "\"" " " "\"" " " "\"" " " "\"" " " "\"" " " "\"" " " "\"" " " "\"" " " "\"" "(" "\"" " " "\"" "_" "\"" " " "\"" "_" "\"" " " "\"" ")" "\"" " " "\"" "\\" "\\" "\"" " " "\"" " " "\"" " " "\"" " " "\"" " " "\"" " " "\"" " " "\"" " " "\"" " " "\"" " " "\"" " " "\"" " " "\"" " " "\"" " " "\"" " " "\"" ")" "\"" " " "\"" "/" "\"" " " "\"" " " "\"" "(")              
(" " " " " " " " " " " " " " " " " " " " " " " " " " " " ")" "\"" " " "\"" " " "\"" " " "\"" " " "\"" " " "\"" " " "\"" " " "\"" " " "\"" " " "\"" " " "\"" " " "\"" " " "\"" "u" "\"" " " "\"" " " "\"" " " "\"" " " "\"" " " "\"" "|" "\"" " " "\"" "|" "\"" " " "\"" "-" "\"" " " "\"" "-" "\"" " " "\"" "-" "\"" " " "\"" "-" "\"" " " "\"" "w" "\"" " " "\"" " " "\"" " " "\"" "|" "\"" " " "\"" " " "\"" " " "\"" " " "\"" " " "\"" "'" "\"" " " "\"" "." "\"" " " "\"" "," "\"" "(")              
("\\" " " " " " " " " " " " " " " " " " " " " " " " " " " " " " " ")" "\"" " " "\"" " " "\"" " " "\"" " " "\"" " " "\"" " " "\"" " " "\"" " " "\"" " " "\"" " " "\"" " " "\"" " " "\"" " " "\"" " " "\"" " " "\"" " " "\"" " " "\"" " " "\"" "|" "\"" " " "\"" "|" "\"" " " "\"" " " "\"" " " "\"" " " "\"" " " "\"" " " "\"" " " "\"" " " "\"" " " "\"" " " "\"" " " "\"" "|" "\"" " " "\"" "|" "\"" " " "\"" " " "\"" " " "\"" " " "\"" " " "\"" "'" "\"" " " "\"" "_" "\"" " " "\"" "o" "\"" " " "\"" "O" "\"" " " "\"" "." "\"" " " "\"" "_" "\"" "(")              
("/" "_" " " " " "\\")              
("," "." " " " " " " " " " " " " " " " " "^" "_" "_" "^" " " " " "/" "\\" " ")              
(" " " " " " " " " " "\\" " " "_" "_" "_" "_" "_" "_" "_" "\\" ")" "O" "o" "(" " " " " "\\" " " " ")              
(" " "/" ")" " " " " " " " " " " " " " " "\\" ")" "_" "_" "(" " " " " " " " " " ")              
("," "." "'" " " " " "|" " " "w" "-" "-" "-" "-" "|" "|" " " " " "u" " " " " " " " " " " " ")              
("_" "." "O" "o" "_" "'" " " " " "|" "|" " " " " " " " " " " "|" "|" " " " " " " " " " " " " " " " " " ")               \
\  _/
 \/  ^__^        .,
  \  (oO)\_______ \     
     (__)\       )/ 
      u  ||----w |  '.,
         ||     ||  '_oO._
client.cljs:40 1

 ___ 
/ 1
 
/
 
/
\
 
 
 
 
 
\
 
 
 
 
  \
\  _/
 \/  ^__^        .,
  \  (oO)\_______ \     
     (__)\       )/ 
      u  ||----w |  '.,
         ||     ||  '_oO._
client.cljs:40 1

 ___ 
/ h \
\  _/
 \/  ^__^        .,
  \  (oO)\_______ \     
     (__)\       )/ 
      u  ||----w |  '.,
         ||     ||  '_oO._
utils.cljs:38 Figwheel: notified of file changes
core.cljs:147 :schema/by-id {:type :prop, :dispatch-key :schema/by-id, :key :schema/by-id} (:query-root :path :pathopt :ast :state :parser :logger :shared :target)
core.cljs:147 :schema/locked {:type :prop, :dispatch-key :schema/locked, :key :schema/locked} (:query-root :path :pathopt :ast :state :parser :logger :shared :target)
core.cljs:147 :schema/by-id {:type :prop, :dispatch-key :schema/by-id, :key :schema/by-id} (:query-root :path :pathopt :ast :state :parser :logger :shared :target)
core.cljs:147 :schema/locked {:type :prop, :dispatch-key :schema/locked, :key :schema/locked} (:query-root :path :pathopt :ast :state :parser :logger :shared :target)
core.cljs:147 :schema/by-id {:type :prop, :dispatch-key :schema/by-id, :key :schema/by-id} (:query-root :path :pathopt :ast :state :parser :logger :shared :target)
core.cljs:147 :schema/locked {:type :prop, :dispatch-key :schema/locked, :key :schema/locked} (:query-root :path :pathopt :ast :state :parser :logger :shared :target)
core.cljs:147 :schema/by-id {:type :prop, :dispatch-key :schema/by-id, :key :schema/by-id} (:query-root :path :pathopt :ast :state :parser :logger :shared :target)
core.cljs:147 :schema/locked {:type :prop, :dispatch-key :schema/locked, :key :schema/locked} (:query-root :path :pathopt :ast :state :parser :logger :shared :target)
utils.cljs:38 Figwheel: loaded these files
utils.cljs:40 ("../ifps3/cloud.js" "../ifps3/core.js")
3client.cljs:40 helpme

 ___ 
/ h \
\  _/
 \/  ^__^        .,
  \  (oO)\_______ \     
     (__)\       )/ 
      u  ||----w |  '.,
         ||     ||  '_oO._
client.cljs:40 helpme

 ____________ 
/     empleh \
\  __________/
 \/  ^__^        .,
  \  (oO)\_______ \     
     (__)\       )/ 
      u  ||----w |  '.,
         ||     ||  '_oO._
client.cljs:40 helpme ____________ /     empleh \\  __________/ \/  ^__^        .,  \  (oO)\_______ \          (__)\       )/       u  ||----w |  '.,         ||     ||  '_oO._

 ____________ 
/     empleh
_________ 
lpme     /
_______  \
 ^__^  /\ 
\)Oo(  \  
\)__(     
|  u      
|          \
\  __________/
 \/  ^__^        .,
  \  (oO)\_______ \     
     (__)\       )/ 
      u  ||----w |  '.,
         ||     ||  '_oO._
client.cljs:40 

 ____________ 
/ _________ 
lpme     /
_______  \
 ^__^  /\ 
\)Oo(  \  
\)__(     
|  u      
|          \
\  __________/
 \/  ^__^        .,
  \  (oO)\_______ \     
     (__)\       )/ 
      u  ||----w |  '.,
         ||     ||  '_oO._
client.cljs:40 

 ____________ 
/ _________ 
________ /
/     empl
\  _______
 \/  ^__^ 
  \  (oO)\
     (__)\
      u  |
         |
_______  \
 ^__^  /\ 
\)Oo(  \  
\)__(     
|  u      
|          \
\  __________/
 \/  ^__^        .,
  \  (oO)\_______ \     
     (__)\       )/ 
      u  ||----w |  '.,
         ||     ||  '_oO._
2client.cljs:40 

 ____________ 
/ _________ 
________ /
/ ________
lpme     /
_______  \
 ^__^  /\ 
\)Oo(  \  
\)__(     
|  u      
|         
\  _______
 \/  ^__^ 
  \  (oO)\
     (__)\
      u  |
         |
_______  \
 ^__^  /\ 
\)Oo(  \  
\)__(     
|  u      
|          \
\  __________/
 \/  ^__^        .,
  \  (oO)\_______ \     
     (__)\       )/ 
      u  ||----w |  '.,
         ||     ||  '_oO._
client.cljs:40 

 ____________________________________________ 
/  ________________________________________ 
   ____________________________________  /
    /  ________________________________   
              \ helpme               /    
    /______________________________  \    
                  ,.        ^__^  /\      
                   \ _______\)Oo(  \      
                   /)       \)__(         
               ,.'  | w----||  u          
            _.Oo_'  ||     ||          \  
    \  __________________________________/
          \/  ^__^        .,              
      \  (oO)\_______ \                   
             (__)\       )/               
           u  ||----w |  '.,              
  \          ||     ||  '_oO._            
/______________________________________  \
              ,.        ^__^  /\ 
                   \ _______\)Oo(  \  
               /)       \)__(     
              ,.'  | w----||  u      
              _.Oo_'  ||     ||          \
\  __________________________________________/
 \/  ^__^        .,
  \  (oO)\_______ \     
     (__)\       )/ 
      u  ||----w |  '.,
         ||     ||  '_oO._
8client.cljs:40 

 ____________________________________ 
/  ________________________________ 
          \ helpme               /
/______________________________  \
              ,.        ^__^  /\ 
               \ _______\)Oo(  \  
               /)       \)__(     
           ,.'  | w----||  u      
        _.Oo_'  ||     ||          \
\  __________________________________/
 \/  ^__^        .,
  \  (oO)\_______ \     
     (__)\       )/ 
      u  ||----w |  '.,
         ||     ||  '_oO._
core.cljs:147 :schema/by-id {:type :prop, :dispatch-key :schema/by-id, :key :schema/by-id} (:query-root :path :pathopt :ast :state :parser :logger :shared :target)
core.cljs:147 :schema/locked {:type :prop, :dispatch-key :schema/locked, :key :schema/locked} (:query-root :path :pathopt :ast :state :parser :logger :shared :target)